<?xml version="1.0" encoding="UTF-8"?>
<testsuite xmlns:xsi="http://www.w3.org/2001/XMLSchema-instance" xsi:noNamespaceSchemaLocation="https://maven.apache.org/surefire/maven-surefire-plugin/xsd/surefire-test-report.xsd" name="TestSuite" time="11.576" tests="7" errors="0" skipped="5" failures="2">
  <properties>
[...]
</properties>
  <testcase name="loginTrue" classname="com.course.cases.LoginTest" time="4.925">
    <failure message="Connection to http://localhost:8888 refused" type="org.apache.http.conn.HttpHostConnectException">org.apache.http.conn.HttpHostConnectException: Connection to http://localhost:8888 refused
	at com.course.cases.LoginTest.getResult(LoginTest.java:87)
	at com.course.cases.LoginTest.loginTrue(LoginTest.java:47)
Caused by: java.net.ConnectException: Connection refused: connect
	at com.course.cases.LoginTest.getResult(LoginTest.java:87)
	at com.course.cases.LoginTest.loginTrue(LoginTest.java:47)
</failure>
    <system-out><![CDATA[[TestNGContentHandler] [WARN] It is strongly recommended to add "<!DOCTYPE suite SYSTEM "https://testng.org/testng-1.0.dtd" >" at the top of your file, otherwise TestNG may fail or not work as expected.
LoginCase(id=1, userName=zhangsan, password=123456, expected=true)
http://localhost:8888/v1/login
]]></system-out>
    <system-err><![CDATA[Loading class `com.mysql.jdbc.Driver'. This is deprecated. The new driver class is `com.mysql.cj.jdbc.Driver'. The driver is automatically registered via the SPI and manual loading of the driver class is generally unnecessary.
]]></system-err>
  </testcase>
  <testcase name="loginFalse" classname="com.course.cases.LoginTest" time="4.084">
    <failure message="Connection to http://localhost:8888 refused" type="org.apache.http.conn.HttpHostConnectException">org.apache.http.conn.HttpHostConnectException: Connection to http://localhost:8888 refused
	at com.course.cases.LoginTest.getResult(LoginTest.java:87)
	at com.course.cases.LoginTest.loginFalse(LoginTest.java:64)
Caused by: java.net.ConnectException: Connection refused: connect
	at com.course.cases.LoginTest.getResult(LoginTest.java:87)
	at com.course.cases.LoginTest.loginFalse(LoginTest.java:64)
</failure>
    <system-out><![CDATA[LoginCase(id=2, userName=zhangsanerror, password=123, expected=false)
http://localhost:8888/v1/login
]]></system-out>
  </testcase>
  <testcase name="addUser" classname="com.course.cases.AddUserTest" time="0">
    <skipped message="Method AddUserTest.addUser()[pri:0, instance:com.course.cases.AddUserTest@1f5b51f] depends on not successfully finished methods in group &quot;loginTrue&quot;"/>
  </testcase>
  <testcase name="getUserInfo" classname="com.course.cases.GetUserInfoTest" time="0">
    <skipped message="Method GetUserInfoTest.getUserInfo()[pri:0, instance:com.course.cases.GetUserInfoTest@1bbe1b6] depends on not successfully finished methods in group &quot;loginTrue&quot;"/>
  </testcase>
  <testcase name="updateUserInfo" classname="com.course.cases.UpdateUserInfoTest" time="0">
    <skipped message="Method UpdateUserInfoTest.updateUserInfo()[pri:0, instance:com.course.cases.UpdateUserInfoTest@102b3b1] depends on not successfully finished methods in group &quot;loginTrue&quot;"/>
  </testcase>
  <testcase name="deleteUser" classname="com.course.cases.UpdateUserInfoTest" time="0">
    <skipped message="Method UpdateUserInfoTest.deleteUser()[pri:0, instance:com.course.cases.UpdateUserInfoTest@102b3b1] depends on not successfully finished methods in group &quot;loginTrue&quot;"/>
  </testcase>
  <testcase name="getUserListInfo" classname="com.course.cases.GetUserInfoListTest" time="0">
    <skipped message="Method GetUserInfoListTest.getUserListInfo()[pri:0, instance:com.course.cases.GetUserInfoListTest@1ea3742] depends on not successfully finished methods in group &quot;loginTrue&quot;"/>
  </testcase>
</testsuite>